Netgen 1.5.244 compiled on to. 02. feb. 19:19:57 +0100 2023
Warning: netgen command 'format' use fully-qualified name '::netgen::format'
Warning: netgen command 'global' use fully-qualified name '::netgen::global'
Reading netlist file lvs/RPLY_EX0.spi
Call to undefined subcircuit sky130_fd_pr__nfet_01v8
Creating placeholder cell definition.
Reading netlist file xsch/RPLY_EX0.spice
Call to undefined subcircuit sky130_fd_pr__nfet_01v8
Creating placeholder cell definition.
Reading setup file /home/mudasir/.volare/sky130B/libs.tech/netgen/sky130B_setup.tcl
Model sky130_fd_pr__nfet_01v8 pin 1 == 3
No property mult found for device sky130_fd_pr__nfet_01v8
No property sa found for device sky130_fd_pr__nfet_01v8
No property sb found for device sky130_fd_pr__nfet_01v8
No property sd found for device sky130_fd_pr__nfet_01v8
No property nf found for device sky130_fd_pr__nfet_01v8
No property nrd found for device sky130_fd_pr__nfet_01v8
No property nrs found for device sky130_fd_pr__nfet_01v8
No property area found for device sky130_fd_pr__nfet_01v8
No property perim found for device sky130_fd_pr__nfet_01v8
No property topography found for device sky130_fd_pr__nfet_01v8
Model sky130_fd_pr__nfet_01v8 pin 1 == 3
No property area found for device sky130_fd_pr__nfet_01v8
No property perim found for device sky130_fd_pr__nfet_01v8
No property topography found for device sky130_fd_pr__nfet_01v8
Comparison output logged to file lvs/RPLY_EX0_lvs.log
Logging to file "lvs/RPLY_EX0_lvs.log" enabled
Circuit sky130_fd_pr__nfet_01v8 contains no devices.

Contents of circuit 1:  Circuit: 'RPLY_EX0'
Circuit RPLY_EX0 contains 12 device instances.
  Class: sky130_fd_pr__nfet_01v8 instances:  12
Circuit contains 3 nets.
Contents of circuit 2:  Circuit: 'RPLY_EX0'
Circuit RPLY_EX0 contains 2 device instances.
  Class: sky130_fd_pr__nfet_01v8 instances:   2
Circuit contains 3 nets.

Circuit was modified by parallel/series device merging.
New circuit summary:

Contents of circuit 1:  Circuit: 'RPLY_EX0'
Circuit RPLY_EX0 contains 2 device instances.
  Class: sky130_fd_pr__nfet_01v8 instances:   2
Circuit contains 3 nets.
Contents of circuit 2:  Circuit: 'RPLY_EX0'
Circuit RPLY_EX0 contains 2 device instances.
  Class: sky130_fd_pr__nfet_01v8 instances:   2
Circuit contains 3 nets.

Circuit 1 contains 2 devices, Circuit 2 contains 2 devices.
Circuit 1 contains 3 nets,    Circuit 2 contains 3 nets.


Final result: 
Circuits match uniquely.
.
Logging to file "lvs/RPLY_EX0_lvs.log" disabled
LVS Done.
